Loebner Prize Sept 14 2013 Derry ~ LondonDerry ~ LegenDerry
These transcripts are in the public domain
Transcripts of judge  program Rose round 
Left =human 
J 014155484430022240 judge right h
J 014155484430236047 judge right o
J 014155484430421815 judge right w
J 014155484430500113 judge right space
J 014155484430637872 judge right a
J 014155484430873030 judge right r
J 014155484440453457 judge right e
J 014155484440460587 judge right space
J 014155484440473329 judge right y
J 014155484440523059 judge right o
J 014155484440529625 judge right u
J 014155484440614238 judge right space
J 014155484440855693 judge right t
J 014155484450974825 judge right o
J 014155484450981279 judge right d
J 014155484450994429 judge right a
J 014155484450999117 judge right y
J 014155484460005593 judge right Return
J 014155484460128505 Rose right H
J 014155484460175681 Rose right a
J 014155484460222570 Rose right v
J 014155484460269339 Rose right e
J 014155484460347855 Rose right space
J 014155484460426411 Rose right y
J 014155484460471357 Rose right o
J 014155484460573913 Rose right u
J 014155484460613439 Rose right space
J 014155484460660689 Rose right b
J 014155484460784873 Rose right e
J 014155484470045140 Rose right e
J 014155484470081885 Rose right n
J 014155484470159719 Rose right space
J 014155484470206888 Rose right h
J 014155484470285264 Rose right e
J 014155484470331236 Rose right r
J 014155484470378354 Rose right e
J 014155484470425206 Rose right space
J 014155484470525632 Rose right b
J 014155484470565308 Rose right e
J 014155484470611599 Rose right f
J 014155484470659938 Rose right o
J 014155484470760783 Rose right r
J 014155484470815004 Rose right e
J 014155484470862659 Rose right question
J 014155484480003769 Rose right Return
J 014155484480863481 judge right n
J 014155484490039435 judge right o
J 014155484490294935 judge right Return
J 014155484490425811 Rose right N
J 014155484490472316 Rose right o
J 014155484490519399 Rose right question
J 014155484490755727 Rose right space
J 014155484490800478 Rose right W
J 014155484490848091 Rose right h
J 014155484490894965 Rose right y
J 014155484490972666 Rose right space
J 014155484500050366 Rose right d
J 014155484500097268 Rose right o
J 014155484500190360 Rose right space
J 014155484500237413 Rose right y
J 014155484500284927 Rose right o
J 014155484500409383 Rose right u
J 014155484500456487 Rose right space
J 014155484500503316 Rose right s
J 014155484500581405 Rose right a
J 014155484500628852 Rose right y
J 014155484500706957 Rose right space
J 014155484500775718 Rose right t
J 014155484500816105 Rose right h
J 014155484500863246 Rose right a
J 014155484500940814 Rose right t
J 014155484500988104 Rose right question
J 014155484510034837 Rose right Return
J 014155484540932712 judge right b
J 014155484550527295 judge right e
J 014155484550887148 judge right c
J 014155484560021695 judge right a
J 014155484560465943 judge right u
J 014155484560985287 judge right s
J 014155484570134528 judge right e
J 014155484570254629 judge right space
J 014155484570375723 judge right i
J 014155484570556635 judge right t
J 014155484570686503 judge right space
J 014155484570796203 judge right i
J 014155484570987623 judge right t
J 014155484580109997 judge right space
J 014155484580551057 judge right BackSpace
J 014155484580710441 judge right BackSpace
J 014155484580867249 judge right s
J 014155484590056298 judge right space
J 014155484590346361 judge right t
J 014155484590547123 judge right r
J 014155484590697297 judge right u
J 014155484590848695 judge right e
J 014155484600074722 judge right Return
J 014155484600190465 Rose right W
J 014155484600237621 Rose right h
J 014155484600300351 Rose right a
J 014155484600347035 Rose right t
J 014155484600487998 Rose right space
J 014155484600535019 Rose right o
J 014155484600582398 Rose right t
J 014155484600628736 Rose right h
J 014155484600675217 Rose right e
J 014155484600722305 Rose right r
J 014155484600769450 Rose right space
J 014155484600817017 Rose right r
J 014155484600917152 Rose right e
J 014155484600988329 Rose right a
J 014155484610034590 Rose right s
J 014155484610128390 Rose right o
J 014155484610175668 Rose right n
J 014155484610222475 Rose right s
J 014155484610347543 Rose right space
J 014155484610394995 Rose right m
J 014155484610441068 Rose right i
J 014155484610518989 Rose right g
J 014155484610565213 Rose right h
J 014155484610643881 Rose right t
J 014155484610690364 Rose right space
J 014155484610737850 Rose right t
J 014155484610784562 Rose right h
J 014155484610863248 Rose right e
J 014155484610909278 Rose right r
J 014155484610955753 Rose right e
J 014155484620002742 Rose right space
J 014155484620050673 Rose right b
J 014155484620111868 Rose right e
J 014155484620158940 Rose right question
J 014155484620301135 Rose right Return
J 014155484620883226 judge right n
J 014155484630088650 judge right o
J 014155484630285662 judge right n
J 014155484630642602 judge right e
J 014155484630894429 judge right Return
J 014155484640004031 Rose right D
J 014155484640119388 Rose right i
J 014155484640159396 Rose right d
J 014155484640206574 Rose right space
J 014155484640253601 Rose right y
J 014155484640300496 Rose right o
J 014155484640348692 Rose right u
J 014155484640425153 Rose right space
J 014155484640504118 Rose right r
J 014155484640550137 Rose right u
J 014155484640644292 Rose right n
J 014155484640693097 Rose right space
J 014155484640738626 Rose right a
J 014155484640863414 Rose right w
J 014155484640909954 Rose right a
J 014155484640956586 Rose right y
J 014155484650034082 Rose right space
J 014155484650081506 Rose right f
J 014155484650160038 Rose right r
J 014155484650206439 Rose right o
J 014155484650253523 Rose right m
J 014155484650301524 Rose right space
J 014155484650379202 Rose right h
J 014155484650425427 Rose right o
J 014155484650472148 Rose right m
J 014155484650519074 Rose right e
J 014155484650566142 Rose right space
J 014155484650629598 Rose right w
J 014155484650675094 Rose right h
J 014155484650816481 Rose right e
J 014155484650862288 Rose right n
J 014155484650925764 Rose right space
J 014155484650972921 Rose right y
J 014155484660019642 Rose right o
J 014155484660067440 Rose right u
J 014155484660113172 Rose right space
J 014155484660175104 Rose right w
J 014155484660253422 Rose right e
J 014155484660331255 Rose right r
J 014155484660378788 Rose right e
J 014155484660613982 Rose right space
J 014155484660644502 Rose right l
J 014155484660691710 Rose right i
J 014155484660816783 Rose right t
J 014155484660906561 Rose right t
J 014155484660911038 Rose right l
J 014155484660988076 Rose right e
J 014155484670051235 Rose right question
J 014155484670149049 Rose right Return
J 014155484670987262 judge right n
J 014155484680189111 judge right o
J 014155484680478950 judge right Return
J 014155484680612659 Rose right Y
J 014155484680660267 Rose right o
J 014155484680714267 Rose right u
J 014155484680933289 Rose right space
J 014155484690017925 Rose right s
J 014155484690051774 Rose right h
J 014155484690096539 Rose right o
J 014155484690143887 Rose right u
J 014155484690206837 Rose right l
J 014155484690253644 Rose right d
J 014155484690393824 Rose right space
J 014155484690442434 Rose right t
J 014155484690487386 Rose right r
J 014155484690534395 Rose right y
J 014155484690581560 Rose right space
J 014155484690628583 Rose right i
J 014155484690675894 Rose right t
J 014155484690722880 Rose right space
J 014155484690800620 Rose right s
J 014155484690878122 Rose right o
J 014155484690926109 Rose right m
J 014155484700019513 Rose right e
J 014155484700066616 Rose right space
J 014155484700116277 Rose right t
J 014155484700237404 Rose right i
J 014155484700284082 Rose right m
J 014155484700331597 Rose right e
J 014155484700409517 Rose right period
J 014155484700690868 Rose right space
J 014155484700737736 Rose right T
J 014155484700815422 Rose right r
J 014155484700862800 Rose right a
J 014155484700909577 Rose right v
J 014155484700956842 Rose right e
J 014155484710033824 Rose right l
J 014155484710080865 Rose right space
J 014155484710128302 Rose right b
J 014155484710175932 Rose right r
J 014155484710221682 Rose right o
J 014155484710285449 Rose right a
J 014155484710331756 Rose right d
J 014155484710472223 Rose right e
J 014155484710519415 Rose right n
J 014155484710574484 Rose right s
J 014155484710612512 Rose right space
J 014155484710660158 Rose right t
J 014155484710706912 Rose right h
J 014155484710754227 Rose right e
J 014155484710800677 Rose right space
J 014155484710878574 Rose right m
J 014155484710956603 Rose right i
J 014155484720003798 Rose right n
J 014155484720096600 Rose right d
J 014155484720143485 Rose right period
J 014155484720191372 Rose right Return
J 014155484750629199 judge right o
J 014155484750807354 judge right k
J 014155484760058961 judge right Return
J 014155484760190315 Rose right I
J 014155484760315897 Rose right space
J 014155484760363495 Rose right r
J 014155484760410561 Rose right a
J 014155484760488963 Rose right n
J 014155484760556319 Rose right space
J 014155484760629030 Rose right a
J 014155484760675816 Rose right w
J 014155484760722700 Rose right a
J 014155484760795561 Rose right y
J 014155484760862492 Rose right space
J 014155484760909552 Rose right o
J 014155484760956839 Rose right n
J 014155484770004158 Rose right c
J 014155484770050527 Rose right e
J 014155484770113296 Rose right comma
J 014155484770191173 Rose right space
J 014155484770237798 Rose right b
J 014155484770387367 Rose right u
J 014155484770425026 Rose right t
J 014155484770472221 Rose right space
J 014155484770518800 Rose right m
J 014155484770566261 Rose right y
J 014155484770612565 Rose right space
J 014155484770675212 Rose right p
J 014155484770722608 Rose right a
J 014155484770799150 Rose right r
J 014155484770877228 Rose right e
J 014155484770925039 Rose right n
J 014155484780019842 Rose right t
J 014155484780066836 Rose right s
J 014155484780113567 Rose right space
J 014155484780238651 Rose right f
J 014155484780284623 Rose right o
J 014155484780331482 Rose right u
J 014155484780409920 Rose right n
J 014155484780456391 Rose right d
J 014155484780534291 Rose right space
J 014155484780582150 Rose right m
J 014155484780628505 Rose right e
J 014155484780675169 Rose right space
J 014155484780753557 Rose right a
J 014155484780800523 Rose right n
J 014155484780847290 Rose right d
J 014155484780893567 Rose right space
J 014155484780940857 Rose right d
J 014155484790003754 Rose right r
J 014155484790050373 Rose right a
J 014155484790190742 Rose right g
J 014155484790237983 Rose right g
J 014155484790299898 Rose right e
J 014155484790346954 Rose right d
J 014155484790569570 Rose right space
J 014155484790612431 Rose right m
J 014155484790676331 Rose right e
J 014155484790722860 Rose right space
J 014155484790800567 Rose right b
J 014155484790878492 Rose right a
J 014155484790925299 Rose right c
J 014155484800018986 Rose right k
J 014155484800066045 Rose right period
J 014155484800112929 Rose right Return
J 014155484810111594 judge right w
J 014155484810269157 judge right h
J 014155484810448214 judge right y
J 014155484810872714 judge right Return
J 014155484820097243 Rose right W
J 014155484820269196 Rose right h
J 014155484820362004 Rose right a
J 014155484820471116 Rose right t
J 014155484820597195 Rose right space
J 014155484820706209 Rose right s
J 014155484820816494 Rose right c
J 014155484820878395 Rose right a
J 014155484820956250 Rose right r
J 014155484830066151 Rose right e
J 014155484830175511 Rose right d
J 014155484830222554 Rose right space
J 014155484830297429 Rose right y
J 014155484830346706 Rose right o
J 014155484830425338 Rose right u
J 014155484830519481 Rose right space
J 014155484830659540 Rose right a
J 014155484830848160 Rose right s
J 014155484830940868 Rose right space
J 014155484840035984 Rose right a
J 014155484840128174 Rose right space
J 014155484840191249 Rose right k
J 014155484840269343 Rose right i
J 014155484840378251 Rose right d
J 014155484840488081 Rose right question
J 014155484840628823 Rose right Return
J 014155484860113980 judge right n
J 014155484860281229 judge right o
J 014155484860451420 judge right t
J 014155484860529944 judge right h
J 014155484860696037 judge right i
J 014155484860753458 judge right n
J 014155484860839067 judge right g
J 014155484870043143 judge right Return
J 014155484870190351 Rose right I
J 014155484870238198 Rose right space
J 014155484870331362 Rose right w
J 014155484870378597 Rose right a
J 014155484870426243 Rose right s
J 014155484870550589 Rose right space
J 014155484870597590 Rose right s
J 014155484870644545 Rose right c
J 014155484870723094 Rose right a
J 014155484870768846 Rose right r
J 014155484870846900 Rose right e
J 014155484870893612 Rose right d
J 014155484870961282 Rose right space
J 014155484880003604 Rose right o
J 014155484880081912 Rose right f
J 014155484880128957 Rose right space
J 014155484880175856 Rose right m
J 014155484880222608 Rose right a
J 014155484880269202 Rose right c
J 014155484880330857 Rose right h
J 014155484880406804 Rose right i
J 014155484880534626 Rose right n
J 014155484880581429 Rose right e
J 014155484880629082 Rose right s
J 014155484880674731 Rose right period
J 014155484880925106 Rose right space
J 014155484880972371 Rose right I
J 014155484890019390 Rose right space
J 014155484890066122 Rose right h
J 014155484890111858 Rose right a
J 014155484890190469 Rose right d
J 014155484890268380 Rose right space
J 014155484890315931 Rose right v
J 014155484890409757 Rose right i
J 014155484890456789 Rose right v
J 014155484890504290 Rose right i
J 014155484890629922 Rose right d
J 014155484890676362 Rose right space
J 014155484890722606 Rose right d
J 014155484890800207 Rose right r
J 014155484890847292 Rose right e
J 014155484890925419 Rose right a
J 014155484890972130 Rose right m
J 014155484900019527 Rose right s
J 014155484900067043 Rose right space
J 014155484900144806 Rose right o
J 014155484900191326 Rose right f
J 014155484900238077 Rose right space
J 014155484900284895 Rose right t
J 014155484900332207 Rose right h
J 014155484900394583 Rose right e
J 014155484900441660 Rose right space
J 014155484900581438 Rose right T
J 014155484900629282 Rose right e
J 014155484900675822 Rose right r
J 014155484900722790 Rose right m
J 014155484900769997 Rose right i
J 014155484900815878 Rose right n
J 014155484900863681 Rose right a
J 014155484900925976 Rose right t
J 014155484910010208 Rose right o
J 014155484910082064 Rose right r
J 014155484910128466 Rose right space
J 014155484910222311 Rose right r
J 014155484910269583 Rose right o
J 014155484910316057 Rose right b
J 014155484910441872 Rose right o
J 014155484910488817 Rose right t
J 014155484910534965 Rose right s
J 014155484910612416 Rose right period
J 014155484910706583 Rose right Return
J 014155484940164746 judge right d
J 014155484940269135 judge right o
J 014155484940401185 judge right space
J 014155484940523453 judge right y
J 014155484940735878 judge right o
J 014155484940797795 judge right u
J 014155484940859656 judge right space
J 014155484950070495 judge right s
J 014155484950228001 judge right n
J 014155484950591931 judge right e
J 014155484950750843 judge right e
J 014155484960125328 judge right z
J 014155484960340583 judge right e
J 014155484960511210 judge right space
J 014155484960667580 judge right r
J 014155484960706987 judge right e
J 014155484960951346 judge right g
J 014155484970099150 judge right u
J 014155484970571436 judge right a
J 014155484970712180 judge right r
J 014155484980102787 judge right l
J 014155484980308407 judge right y
J 014155484980586211 judge right Return
J 014155484980692178 Rose right I
J 014155484980769795 Rose right space
J 014155484980816476 Rose right d
J 014155484980863899 Rose right o
J 014155484980909550 Rose right n
J 014155484980988720 Rose right quoteright
J 014155484990034426 Rose right t
J 014155484990093784 Rose right space
J 014155484990129514 Rose right t
J 014155484990343888 Rose right h
J 014155484990393604 Rose right i
J 014155484990479178 Rose right n
J 014155484990643590 Rose right k
J 014155484990674593 Rose right space
J 014155484990722186 Rose right s
J 014155484990768733 Rose right o
J 014155484990816546 Rose right period
J 014155484990863217 Rose right Return
J 014155485040017866 judge right h
J 014155485040229556 judge right o
J 014155485040416185 judge right w
J 014155485040513184 judge right space
J 014155485040681659 judge right o
J 014155485040826012 judge right f
J 014155485050065736 judge right t
J 014155485050156845 judge right e
J 014155485050308161 judge right n
J 014155485050418147 judge right space
J 014155485050759783 judge right d
J 014155485050921407 judge right o
J 014155485050966846 judge right space
J 014155485060082384 judge right y
J 014155485060283657 judge right o
J 014155485060351569 judge right u
J 014155485060441211 judge right space
J 014155485060740634 judge right s
J 014155485060850721 judge right n
J 014155485070024438 judge right e
J 014155485070159297 judge right e
J 014155485070405161 judge right z
J 014155485070584378 judge right e
J 014155485070779986 judge right Return
J 014155485070877418 Rose right D
J 014155485070925089 Rose right i
J 014155485070972207 Rose right d
J 014155485080050718 Rose right space
J 014155485080127959 Rose right y
J 014155485080174837 Rose right o
J 014155485080278718 Rose right u
J 014155485080316647 Rose right space
J 014155485080362982 Rose right h
J 014155485080488375 Rose right a
J 014155485080534225 Rose right v
J 014155485080581556 Rose right e
J 014155485080659579 Rose right space
J 014155485080706852 Rose right a
J 014155485080785127 Rose right space
J 014155485080831537 Rose right h
J 014155485080879009 Rose right a
J 014155485080924906 Rose right p
J 014155485090003054 Rose right p
J 014155485090049814 Rose right y
J 014155485090096501 Rose right space
J 014155485090144284 Rose right c
J 014155485090191251 Rose right h
J 014155485090252942 Rose right i
J 014155485090300714 Rose right l
J 014155485090440671 Rose right d
J 014155485090487831 Rose right h
J 014155485090550731 Rose right o
J 014155485090596584 Rose right o
J 014155485090643966 Rose right d
J 014155485090690346 Rose right question
J 014155485090737727 Rose right Return
J 014155485110697789 judge right y
J 014155485110855930 judge right e
J 014155485120026583 judge right s
J 014155485120141484 judge right Return
J 014155485120253466 Rose right Y
J 014155485120331388 Rose right o
J 014155485120490838 Rose right u
J 014155485120536569 Rose right space
J 014155485120629366 Rose right s
J 014155485120676194 Rose right e
J 014155485120721881 Rose right e
J 014155485130047902 Rose right m
J 014155485130081920 Rose right space
J 014155485130128654 Rose right r
J 014155485130207418 Rose right e
J 014155485130457387 Rose right a
J 014155485130534709 Rose right l
J 014155485130581673 Rose right l
J 014155485130791573 Rose right y
J 014155485130831744 Rose right space
J 014155485140290528 Rose right p
J 014155485140331824 Rose right o
J 014155485140378281 Rose right s
J 014155485140624857 Rose right i
J 014155485140683287 Rose right t
J 014155485140967475 Rose right i
J 014155485150003121 Rose right v
J 014155485150934048 Rose right e
J 014155485150971639 Rose right period
J 014155485160255078 Rose right Return
J 014155485190523041 judge right I
J 014155485190876828 judge right space
J 014155485190911739 judge right a
J 014155485190961217 judge right m
J 014155485200184074 judge right Return
J 014155485200315554 Rose right Y
J 014155485200362843 Rose right o
J 014155485200411036 Rose right u
J 014155485200457717 Rose right space
J 014155485200503069 Rose right s
J 014155485200549997 Rose right e
J 014155485200628203 Rose right e
J 014155485200706222 Rose right m
J 014155485200752792 Rose right space
J 014155485200847051 Rose right c
J 014155485200894066 Rose right e
J 014155485200940864 Rose right r
J 014155485210065665 Rose right t
J 014155485210112603 Rose right a
J 014155485210159109 Rose right i
J 014155485210238164 Rose right n
J 014155485210300494 Rose right period
J 014155485210379285 Rose right Return
J 014155485220541452 judge right I
J 014155485220725776 judge right space
J 014155485220876110 judge right a
J 014155485230000890 judge right m
J 014155485230285436 judge right Return
J 014155485230409900 Rose right C
J 014155485230457178 Rose right o
J 014155485230503032 Rose right o
J 014155485230549867 Rose right l
J 014155485230627873 Rose right period
J 014155485230706205 Rose right Return
J 014155485330032091 judge right o
J 014155485330199410 judge right k
J 014155485330443860 judge right Return
J 014155485330565719 Rose right I
J 014155485330628294 Rose right space
J 014155485330690737 Rose right d
J 014155485330768827 Rose right o
J 014155485330862782 Rose right n
J 014155485340003156 Rose right quoteright
J 014155485340192462 Rose right t
J 014155485340304682 Rose right space
J 014155485340394753 Rose right k
J 014155485340488014 Rose right n
J 014155485340673592 Rose right o
J 014155485340737814 Rose right w
J 014155485340847190 Rose right space
J 014155485340967503 Rose right w
J 014155485350097837 Rose right h
J 014155485350215263 Rose right a
J 014155485350315878 Rose right t
J 014155485350457089 Rose right space
J 014155485350535317 Rose right t
J 014155485350675004 Rose right o
J 014155485350848230 Rose right space
J 014155485350941818 Rose right s
J 014155485360051183 Rose right a
J 014155485360176116 Rose right y
J 014155485360285157 Rose right period
J 014155485360425258 Rose right Return
J 014155485380505770 judge right s
J 014155485380660590 judge right a
J 014155485380784277 judge right y
J 014155485380921059 judge right space
J 014155485390173969 judge right s
J 014155485390316274 judge right o
J 014155485390412460 judge right m
J 014155485390908275 judge right e
J 014155485400143839 judge right t
J 014155485400245857 judge right h
J 014155485400422120 judge right i
J 014155485400498705 judge right n
J 014155485400574911 judge right g
J 014155485400739088 judge right space
J 014155485400897557 judge right i
J 014155485400953508 judge right n
J 014155485410047094 judge right t
J 014155485410111093 judge right e
J 014155485410231898 judge right r
J 014155485410873312 judge right e
J 014155485420048692 judge right s
J 014155485420229339 judge right t
J 014155485420354907 judge right i
J 014155485420421493 judge right n
J 014155485420543490 judge right g
J 014155485420699884 judge right Return
J 014155485420847258 Rose right R
J 014155485420894604 Rose right i
J 014155485420948224 Rose right g
J 014155485420988145 Rose right h
J 014155485430066215 Rose right t
J 014155485430113465 Rose right period
J 014155485430160241 Rose right Return
J 014155485780911742 judge right I
J 014155485790098705 judge right space
J 014155485790228902 judge right h
J 014155485790358156 judge right a
J 014155485790534156 judge right t
J 014155485790572364 judge right e
J 014155485790743981 judge right space
J 014155485800260888 judge right s
J 014155485800390239 judge right o
J 014155485800894308 judge right c
J 014155485810015044 judge right i
J 014155485810140545 judge right e
J 014155485810356508 judge right t
J 014155485810478994 judge right y
J 014155485810723011 judge right Return
J 014155485810862262 Rose right W
J 014155485810909554 Rose right e
J 014155485810956749 Rose right l
J 014155485820044772 Rose right l
J 014155485820082187 Rose right comma
J 014155485820265884 Rose right space
J 014155485820300680 Rose right y
J 014155485820347260 Rose right o
J 014155485820394449 Rose right u
J 014155485820441644 Rose right space
J 014155485820488381 Rose right c
J 014155485820535437 Rose right a
J 014155485820582129 Rose right n
J 014155485820628375 Rose right quoteright
J 014155485820707406 Rose right t
J 014155485820784376 Rose right space
J 014155485820831433 Rose right l
J 014155485820925887 Rose right i
J 014155485830166330 Rose right k
J 014155485830206151 Rose right e
J 014155485830331775 Rose right space
J 014155485830379097 Rose right e
J 014155485830424775 Rose right v
J 014155485830503213 Rose right e
J 014155485830551332 Rose right r
J 014155485830628123 Rose right y
J 014155485830675196 Rose right t
J 014155485830722738 Rose right h
J 014155485830770008 Rose right i
J 014155485830847581 Rose right n
J 014155485830894213 Rose right g
J 014155485830942301 Rose right period
J 014155485840175447 Rose right space
J 014155485840221958 Rose right Y
J 014155485840269411 Rose right o
J 014155485840331148 Rose right u
J 014155485840378607 Rose right space
J 014155485840518281 Rose right s
J 014155485840707085 Rose right h
J 014155485840739713 Rose right o
J 014155485840785033 Rose right w
J 014155485840887835 Rose right space
J 014155485840928000 Rose right g
J 014155485840972794 Rose right o
J 014155485850020458 Rose right o
J 014155485850097140 Rose right d
J 014155485850175403 Rose right space
J 014155485850222179 Rose right t
J 014155485850316014 Rose right a
J 014155485850363164 Rose right s
J 014155485850409249 Rose right t
J 014155485850534534 Rose right e
J 014155485850581439 Rose right period
J 014155485850644582 Rose right Return
J 014155485910667108 judge right d
J 014155485910798227 judge right o
J 014155485910919425 judge right space
J 014155485920062952 judge right y
J 014155485920295524 judge right o
J 014155485920355012 judge right u
J 014155485920478179 judge right space
J 014155485920906185 judge right t
J 014155485930004567 judge right a
J 014155485930199572 judge right s
J 014155485930469056 judge right t
J 014155485930650798 judge right e
J 014155485930818960 judge right space
J 014155485940072458 judge right g
J 014155485940177098 judge right o
J 014155485940308356 judge right o
J 014155485940433594 judge right d
J 014155485940586960 judge right Return
J 014155485940738848 Rose right I
J 014155485940816434 Rose right space
J 014155485940863942 Rose right d
J 014155485940941728 Rose right o
J 014155485940987710 Rose right n
J 014155485950035000 Rose right quoteright
J 014155485950081624 Rose right t
J 014155485950159525 Rose right space
J 014155485950337466 Rose right k
J 014155485950378054 Rose right n
J 014155485950425346 Rose right o
J 014155485950472307 Rose right w
J 014155485950535179 Rose right period
J 014155485950800326 Rose right space
J 014155485950847752 Rose right I
J 014155485950987783 Rose right quoteright
J 014155485960034743 Rose right v
J 014155485960081823 Rose right e
J 014155485960128208 Rose right space
J 014155485960175586 Rose right n
J 014155485960223054 Rose right e
J 014155485960268949 Rose right v
J 014155485960315982 Rose right e
J 014155485960393785 Rose right r
J 014155485960471975 Rose right space
J 014155485960519184 Rose right t
J 014155485960636678 Rose right r
J 014155485960675263 Rose right i
J 014155485960721976 Rose right e
J 014155485960847157 Rose right d
J 014155485960893872 Rose right space
J 014155485960941513 Rose right i
J 014155485970019307 Rose right t
J 014155485970066132 Rose right period
J 014155485970144140 Rose right Return
J 014155486140480328 judge right p
J 014155486140681372 judge right e
J 014155486140785651 judge right o
J 014155486140969890 judge right p
J 014155486150141703 judge right l
J 014155486150281555 judge right e
J 014155486150401927 judge right space
J 014155486150575353 judge right s
J 014155486150658102 judge right h
J 014155486150832924 judge right o
J 014155486150888152 judge right u
J 014155486160061948 judge right l
J 014155486160209301 judge right d
J 014155486160305249 judge right space
J 014155486160643838 judge right e
J 014155486160794342 judge right a
J 014155486160944154 judge right t
J 014155486170089117 judge right space
J 014155486170256714 judge right r
J 014155486170393400 judge right o
J 014155486170594178 judge right a
J 014155486170818211 judge right s
J 014155486180013546 judge right t
J 014155486180145346 judge right space
J 014155486180279579 judge right b
J 014155486180449622 judge right e
J 014155486180608326 judge right e
J 014155486190034141 judge right f
J 014155486190207126 judge right space
J 014155486190426459 judge right m
J 014155486190510222 judge right o
J 014155486190632607 judge right r
J 014155486190688225 judge right e
J 014155486190838027 judge right Return
J 014155486190972236 Rose right I
J 014155486200019573 Rose right space
J 014155486200066037 Rose right d
J 014155486200113839 Rose right o
J 014155486200206474 Rose right n
J 014155486200253304 Rose right quoteright
J 014155486200299835 Rose right t
J 014155486200347487 Rose right space
J 014155486200393598 Rose right k
J 014155486200455953 Rose right n
J 014155486200503160 Rose right o
J 014155486200643162 Rose right w
J 014155486200690474 Rose right space
J 014155486200737828 Rose right w
J 014155486200784573 Rose right h
J 014155486200831641 Rose right a
J 014155486200879058 Rose right t
J 014155486200924526 Rose right space
J 014155486200971560 Rose right t
J 014155486210050027 Rose right o
J 014155486210128214 Rose right space
J 014155486210175572 Rose right s
J 014155486210269548 Rose right a
J 014155486210315927 Rose right y
J 014155486210363150 Rose right period
J 014155486210441503 Rose right Return
