Loebner Prize Sept 14 2013 Derry ~ LondonDerry ~ LegenDerry
These transcripts are in the public domain
Transcripts of judge  program Rose round 
Left =human 
J 014155489350032154 judge right h
J 014155489350241315 judge right o
J 014155489350406804 judge right w
J 014155489350580274 judge right space
J 014155489350679662 judge right a
J 014155489350850164 judge right r
J 014155489350923391 judge right e
J 014155489360020600 judge right space
J 014155489360206688 judge right y
J 014155489360417679 judge right o
J 014155489360479406 judge right u
J 014155489360745827 judge right Return
J 014155489360800381 Rose right I
J 014155489360847061 Rose right quoteright
J 014155489360893852 Rose right m
J 014155489360940713 Rose right space
J 014155489370018284 Rose right a
J 014155489370097020 Rose right space
J 014155489370143592 Rose right b
J 014155489370238043 Rose right i
J 014155489370285183 Rose right t
J 014155489370331410 Rose right space
J 014155489370456510 Rose right f
J 014155489370503677 Rose right u
J 014155489370550740 Rose right z
J 014155489370629600 Rose right z
J 014155489370676007 Rose right y
J 014155489370866566 Rose right space
J 014155489370909033 Rose right t
J 014155489370956525 Rose right o
J 014155489380003392 Rose right d
J 014155489380081719 Rose right a
J 014155489380127853 Rose right y
J 014155489380174858 Rose right space
J 014155489380316203 Rose right minus
J 014155489380362709 Rose right space
J 014155489380409295 Rose right s
J 014155489380472102 Rose right t
J 014155489380519123 Rose right i
J 014155489380659081 Rose right l
J 014155489380706994 Rose right l
J 014155489380752944 Rose right space
J 014155489380800441 Rose right j
J 014155489380847043 Rose right e
J 014155489380894391 Rose right t
J 014155489380944626 Rose right space
J 014155489380987663 Rose right l
J 014155489390065958 Rose right a
J 014155489390144069 Rose right g
J 014155489390190758 Rose right g
J 014155489390284454 Rose right e
J 014155489390332401 Rose right d
J 014155489390378600 Rose right period
J 014155489390456966 Rose right Return
J 014155489400397590 judge right w
J 014155489400551504 judge right h
J 014155489400712658 judge right y
J 014155489410114372 judge right Return
J 014155489410253267 Rose right T
J 014155489410301003 Rose right o
J 014155489410347504 Rose right o
J 014155489410425965 Rose right space
J 014155489410472535 Rose right m
J 014155489410551383 Rose right u
J 014155489410597422 Rose right c
J 014155489410643721 Rose right h
J 014155489410690890 Rose right space
J 014155489410769241 Rose right t
J 014155489410816146 Rose right r
J 014155489410862767 Rose right a
J 014155489410909824 Rose right v
J 014155489410956864 Rose right e
J 014155489420018916 Rose right l
J 014155489420066491 Rose right space
J 014155489420207095 Rose right l
J 014155489420253499 Rose right a
J 014155489420300342 Rose right t
J 014155489420347779 Rose right e
J 014155489420394975 Rose right l
J 014155489420589190 Rose right y
J 014155489420615326 Rose right period
J 014155489420659543 Rose right Return
J 014155489430956322 judge right w
J 014155489440116735 judge right h
J 014155489440195665 judge right e
J 014155489440358180 judge right r
J 014155489440418213 judge right e
J 014155489440550780 judge right space
J 014155489440755194 judge right d
J 014155489440881835 judge right i
J 014155489450437672 judge right d
J 014155489450563965 judge right space
J 014155489450694152 judge right y
J 014155489450913940 judge right o
J 014155489450985237 judge right u
J 014155489460048612 judge right space
J 014155489460202139 judge right c
J 014155489460310682 judge right o
J 014155489460365898 judge right m
J 014155489460492684 judge right e
J 014155489460603619 judge right space
J 014155489460773260 judge right f
J 014155489460956646 judge right r
J 014155489470353251 judge right o
J 014155489470429343 judge right m
J 014155489470669292 judge right Return
J 014155489470738181 Rose right O
J 014155489470816737 Rose right n
J 014155489470894269 Rose right l
J 014155489470941312 Rose right y
J 014155489480034097 Rose right space
J 014155489480081598 Rose right L
J 014155489480128468 Rose right o
J 014155489480253704 Rose right n
J 014155489480300805 Rose right d
J 014155489480486657 Rose right o
J 014155489480550545 Rose right n
J 014155489480597510 Rose right space
J 014155489480675875 Rose right y
J 014155489480720991 Rose right e
J 014155489480768282 Rose right s
J 014155489480815580 Rose right t
J 014155489480893651 Rose right e
J 014155489480941101 Rose right r
J 014155489480987595 Rose right d
J 014155489490034139 Rose right a
J 014155489490081056 Rose right y
J 014155489490143183 Rose right space
J 014155489490190006 Rose right b
J 014155489490331486 Rose right u
J 014155489490378252 Rose right t
J 014155489490424455 Rose right space
J 014155489490471847 Rose right b
J 014155489490519528 Rose right e
J 014155489490565237 Rose right f
J 014155489490612536 Rose right o
J 014155489490676126 Rose right r
J 014155489490753571 Rose right e
J 014155489490831810 Rose right space
J 014155489490878350 Rose right t
J 014155489490972651 Rose right h
J 014155489500019413 Rose right a
J 014155489500066253 Rose right t
J 014155489500191275 Rose right space
J 014155489500239178 Rose right f
J 014155489500284416 Rose right r
J 014155489500362132 Rose right o
J 014155489500425399 Rose right m
J 014155489500503572 Rose right space
J 014155489500550531 Rose right t
J 014155489500597606 Rose right h
J 014155489500643749 Rose right e
J 014155489500723103 Rose right space
J 014155489500768958 Rose right U
J 014155489500816115 Rose right S
J 014155489500863100 Rose right period
J 014155489500910745 Rose right Return
J 014155489520242700 judge right w
J 014155489520377963 judge right h
J 014155489520462155 judge right e
J 014155489520592399 judge right r
J 014155489520673490 judge right e
J 014155489520769538 judge right space
J 014155489520910802 judge right i
J 014155489520976911 judge right n
J 014155489530043721 judge right space
J 014155489530173051 judge right t
J 014155489530229213 judge right h
J 014155489530348952 judge right e
J 014155489530444516 judge right space
J 014155489530567588 judge right u
J 014155489530680080 judge right s
J 014155489530915716 judge right Return
J 014155489530987276 Rose right S
J 014155489540050027 Rose right a
J 014155489540097086 Rose right n
J 014155489540237647 Rose right space
J 014155489540284913 Rose right F
J 014155489540331821 Rose right r
J 014155489540377682 Rose right a
J 014155489540425054 Rose right n
J 014155489540471901 Rose right c
J 014155489540519599 Rose right i
J 014155489540566139 Rose right s
J 014155489540644819 Rose right c
J 014155489540722141 Rose right o
J 014155489540768923 Rose right period
J 014155489540817437 Rose right Return
J 014155489560210228 judge right d
J 014155489560330392 judge right o
J 014155489560431915 judge right space
J 014155489560558623 judge right y
J 014155489560739580 judge right o
J 014155489560815677 judge right u
J 014155489560889612 judge right space
J 014155489570098078 judge right l
J 014155489570243917 judge right i
J 014155489570363587 judge right v
J 014155489570483399 judge right e
J 014155489570552922 judge right space
J 014155489570693219 judge right t
J 014155489570799284 judge right h
J 014155489570896553 judge right e
J 014155489570998435 judge right r
J 014155489580079226 judge right e
J 014155489580325632 judge right Return
J 014155489580487499 Rose right I
J 014155489580534032 Rose right quoteright
J 014155489580581941 Rose right v
J 014155489580706778 Rose right e
J 014155489580755029 Rose right space
J 014155489580799853 Rose right l
J 014155489580879000 Rose right i
J 014155489580925050 Rose right v
J 014155489590003595 Rose right e
J 014155489590050360 Rose right d
J 014155489590097347 Rose right space
J 014155489590143892 Rose right i
J 014155489590222350 Rose right n
J 014155489590282666 Rose right space
J 014155489590316371 Rose right S
J 014155489590363069 Rose right a
J 014155489590409291 Rose right n
J 014155489590471940 Rose right space
J 014155489590520108 Rose right F
J 014155489590659122 Rose right r
J 014155489590707027 Rose right a
J 014155489590752832 Rose right n
J 014155489590799651 Rose right c
J 014155489590846873 Rose right i
J 014155489590894401 Rose right s
J 014155489590940643 Rose right c
J 014155489590988426 Rose right o
J 014155489600065654 Rose right space
J 014155489600144281 Rose right a
J 014155489600190933 Rose right l
J 014155489600284521 Rose right l
J 014155489600331623 Rose right space
J 014155489600378463 Rose right o
J 014155489600503671 Rose right f
J 014155489600550954 Rose right space
J 014155489600597968 Rose right m
J 014155489600675817 Rose right y
J 014155489600721776 Rose right space
J 014155489600800627 Rose right l
J 014155489600847706 Rose right i
J 014155489600893986 Rose right f
J 014155489600941228 Rose right e
J 014155489610019348 Rose right period
J 014155489610096893 Rose right Return
J 014155489630564037 judge right d
J 014155489630679588 judge right o
J 014155489630790244 judge right space
J 014155489630924153 judge right y
J 014155489640141420 judge right o
J 014155489640202681 judge right u
J 014155489640307410 judge right space
J 014155489640684783 judge right f
J 014155489640786156 judge right l
J 014155489640966104 judge right y
J 014155489650169472 judge right space
J 014155489650475697 judge right p
J 014155489650645812 judge right a
J 014155489660859618 judge right p
J 014155489670226838 judge right e
J 014155489670425556 judge right r
J 014155489670569350 judge right space
J 014155489670829266 judge right a
J 014155489670959237 judge right i
J 014155489680124505 judge right r
J 014155489680360032 judge right p
J 014155489680573719 judge right l
J 014155489680768742 judge right a
J 014155489680874864 judge right n
J 014155489690063622 judge right e
J 014155489690249169 judge right s
J 014155489690410083 judge right Return
J 014155489690503255 Rose right I
J 014155489690550241 Rose right space
J 014155489690597353 Rose right f
J 014155489690644489 Rose right l
J 014155489690706275 Rose right y
J 014155489690754000 Rose right space
J 014155489690893751 Rose right a
J 014155489690941156 Rose right l
J 014155489690988024 Rose right l
J 014155489700035369 Rose right space
J 014155489700081930 Rose right o
J 014155489700128634 Rose right v
J 014155489700175072 Rose right e
J 014155489700222292 Rose right r
J 014155489700412566 Rose right space
J 014155489700487480 Rose right t
J 014155489700534528 Rose right h
J 014155489700628714 Rose right e
J 014155489700675287 Rose right space
J 014155489700722346 Rose right w
J 014155489700847415 Rose right o
J 014155489700893586 Rose right r
J 014155489700940916 Rose right l
J 014155489710019277 Rose right d
J 014155489710066571 Rose right space
J 014155489710144160 Rose right o
J 014155489710191405 Rose right n
J 014155489710281427 Rose right space
J 014155489710316378 Rose right s
J 014155489710393209 Rose right p
J 014155489710440718 Rose right e
J 014155489710487738 Rose right c
J 014155489710534622 Rose right i
J 014155489710601348 Rose right a
J 014155489710659175 Rose right l
J 014155489710707474 Rose right space
J 014155489710894476 Rose right c
J 014155489710941109 Rose right o
J 014155489710987482 Rose right n
J 014155489720034797 Rose right s
J 014155489720112364 Rose right u
J 014155489720144109 Rose right l
J 014155489720190441 Rose right t
J 014155489720272929 Rose right i
J 014155489720346859 Rose right n
J 014155489720425973 Rose right g
J 014155489720472293 Rose right space
J 014155489720565839 Rose right j
J 014155489720612690 Rose right o
J 014155489720660177 Rose right b
J 014155489720785643 Rose right s
J 014155489720832314 Rose right period
J 014155489720894199 Rose right Return
J 014155489750433745 judge right c
J 014155489750488766 judge right o
J 014155489750785744 judge right o
J 014155489760195250 judge right BackSpace
J 014155489760363261 judge right BackSpace
J 014155489760612895 judge right c
J 014155489760688725 judge right o
J 014155489760857933 judge right o
J 014155489770052789 judge right l
J 014155489770338198 judge right Return
J 014155489770503360 Rose right D
J 014155489770628900 Rose right o
J 014155489770737332 Rose right space
J 014155489770848636 Rose right y
J 014155489770910879 Rose right o
J 014155489770989230 Rose right u
J 014155489780097084 Rose right space
J 014155489780206321 Rose right l
J 014155489780253651 Rose right i
J 014155489780315694 Rose right k
J 014155489780378246 Rose right e
J 014155489780474360 Rose right space
J 014155489780566648 Rose right c
J 014155489780706586 Rose right o
J 014155489780893540 Rose right y
J 014155489780987658 Rose right o
J 014155489790081547 Rose right l
J 014155489790174584 Rose right s
J 014155489790237938 Rose right question
J 014155489790402549 Rose right Return
J 014155489800343701 judge right n
J 014155489800540029 judge right o
J 014155489800802249 judge right Return
J 014155489800863045 Rose right H
J 014155489800924844 Rose right o
J 014155489810003312 Rose right w
J 014155489810183644 Rose right space
J 014155489810242391 Rose right i
J 014155489810331458 Rose right n
J 014155489810378205 Rose right t
J 014155489810425002 Rose right e
J 014155489810550341 Rose right r
J 014155489810597058 Rose right e
J 014155489810644122 Rose right s
J 014155489810722210 Rose right t
J 014155489810768607 Rose right i
J 014155489810846847 Rose right n
J 014155489810893830 Rose right g
J 014155489810940979 Rose right period
J 014155489810987749 Rose right Return
J 014155489820925514 Rose right I
J 014155489830003870 Rose right space
J 014155489830050298 Rose right d
J 014155489830097590 Rose right o
J 014155489830168723 Rose right n
J 014155489830207015 Rose right quoteright
J 014155489830268701 Rose right t
J 014155489830325897 Rose right space
J 014155489830456901 Rose right h
J 014155489830504040 Rose right a
J 014155489830549878 Rose right v
J 014155489830596888 Rose right e
J 014155489830644250 Rose right space
J 014155489830691295 Rose right m
J 014155489830738278 Rose right u
J 014155489830800552 Rose right c
J 014155489830878588 Rose right h
J 014155489830956796 Rose right space
J 014155489840003264 Rose right o
J 014155489840098030 Rose right f
J 014155489840144979 Rose right space
J 014155489840191274 Rose right a
J 014155489840316041 Rose right space
J 014155489840363417 Rose right g
J 014155489840410000 Rose right a
J 014155489840488689 Rose right r
J 014155489840550857 Rose right d
J 014155489840629713 Rose right e
J 014155489840675375 Rose right n
J 014155489840722373 Rose right comma
J 014155489840769343 Rose right space
J 014155489840816479 Rose right m
J 014155489840894690 Rose right o
J 014155489840941361 Rose right r
J 014155489840988508 Rose right e
J 014155489850035636 Rose right space
J 014155489850081210 Rose right o
J 014155489850143908 Rose right f
J 014155489850190665 Rose right space
J 014155489850331038 Rose right a
J 014155489850377683 Rose right space
J 014155489850425737 Rose right b
J 014155489850472240 Rose right a
J 014155489850518971 Rose right c
J 014155489850564855 Rose right k
J 014155489850612564 Rose right space
J 014155489850675956 Rose right y
J 014155489850755692 Rose right a
J 014155489850831710 Rose right r
J 014155489850878742 Rose right d
J 014155489860003323 Rose right period
J 014155489860284950 Rose right space
J 014155489860331797 Rose right D
J 014155489860377647 Rose right o
J 014155489860502919 Rose right space
J 014155489860550458 Rose right y
J 014155489860597387 Rose right o
J 014155489860675925 Rose right u
J 014155489860722078 Rose right space
J 014155489870010760 Rose right h
J 014155489870051141 Rose right a
J 014155489870096698 Rose right v
J 014155489870144235 Rose right e
J 014155489870222149 Rose right space
J 014155489870269359 Rose right a
J 014155489870316235 Rose right space
J 014155489870363230 Rose right g
J 014155489870410338 Rose right a
J 014155489870472423 Rose right r
J 014155489870519097 Rose right d
J 014155489870660192 Rose right e
J 014155489870706206 Rose right n
J 014155489870753605 Rose right question
J 014155489870800271 Rose right Return
J 014155489880407687 judge right n
J 014155489880716930 judge right o
J 014155489890370326 judge right Return
J 014155489890425903 Rose right G
J 014155489890472461 Rose right a
J 014155489890518775 Rose right r
J 014155489890566396 Rose right d
J 014155489890643943 Rose right e
J 014155489890722089 Rose right n
J 014155489890769021 Rose right i
J 014155489890863681 Rose right n
J 014155489890910080 Rose right g
J 014155489890958053 Rose right space
J 014155489900081619 Rose right i
J 014155489900128523 Rose right s
J 014155489900176070 Rose right space
J 014155489900253805 Rose right b
J 014155489900301262 Rose right i
J 014155489900379688 Rose right g
J 014155489900425742 Rose right space
J 014155489900471428 Rose right i
J 014155489900518315 Rose right n
J 014155489900605012 Rose right space
J 014155489900643982 Rose right B
J 014155489900689973 Rose right r
J 014155489900737212 Rose right i
J 014155489900783978 Rose right t
J 014155489900859549 Rose right a
J 014155489900893854 Rose right i
J 014155489910034251 Rose right n
J 014155489910081017 Rose right comma
J 014155489910143550 Rose right space
J 014155489910190581 Rose right u
J 014155489910236877 Rose right n
J 014155489910283996 Rose right l
J 014155489910331152 Rose right i
J 014155489910378308 Rose right k
J 014155489910425045 Rose right e
J 014155489910503376 Rose right space
J 014155489910581614 Rose right t
J 014155489910784994 Rose right h
J 014155489910862611 Rose right e
J 014155489910909784 Rose right space
J 014155489910956442 Rose right U
J 014155489920082257 Rose right S
J 014155489920128991 Rose right period
J 014155489920191863 Rose right Return
J 014155489940524533 judge right a
J 014155489940739782 judge right r
J 014155489940780568 judge right e
J 014155489940976249 judge right space
J 014155489950069739 judge right y
J 014155489950306619 judge right o
J 014155489950359915 judge right u
J 014155489950446557 judge right space
J 014155489950586387 judge right a
J 014155489950684382 judge right space
J 014155489950831015 judge right b
J 014155489950917673 judge right i
J 014155489960048730 judge right g
J 014155489960484069 judge right space
J 014155489960903349 judge right g
J 014155489970083816 judge right a
J 014155489970223126 judge right r
J 014155489970698874 judge right d
J 014155489970903992 judge right e
J 014155489980019377 judge right n
J 014155489980275991 judge right e
J 014155489980461569 judge right r
J 014155489980645426 judge right Return
J 014155489980753221 Rose right O
J 014155489980831358 Rose right f
J 014155489980877963 Rose right space
J 014155489980956281 Rose right c
J 014155489990003018 Rose right o
J 014155489990050097 Rose right u
J 014155489990098315 Rose right r
J 014155489990175591 Rose right s
J 014155489990221991 Rose right e
J 014155489990268590 Rose right period
J 014155489990315789 Rose right Return
J 014155490020128917 judge right h
J 014155490020337198 judge right o
J 014155490020539150 judge right w
J 014155490020788355 judge right space
J 014155490030023577 judge right m
J 014155490030283323 judge right u
J 014155490030461967 judge right c
J 014155490030570514 judge right h
J 014155490030694309 judge right space
J 014155490030885730 judge right f
J 014155490030971304 judge right u
J 014155490040199362 judge right n
J 014155490040419048 judge right space
J 014155490040680677 judge right t
J 014155490050075993 judge right BackSpace
J 014155490050244348 judge right d
J 014155490050319586 judge right o
J 014155490050439718 judge right space
J 014155490050567264 judge right y
J 014155490050763714 judge right o
J 014155490050829674 judge right u
J 014155490050895577 judge right space
J 014155490060039520 judge right h
J 014155490060134489 judge right a
J 014155490060232549 judge right v
J 014155490060355169 judge right e
J 014155490060466633 judge right Return
J 014155490060566113 Rose right I
J 014155490060613829 Rose right space
J 014155490060675978 Rose right d
J 014155490060722221 Rose right o
J 014155490060862506 Rose right n
J 014155490060909679 Rose right quoteright
J 014155490060956655 Rose right t
J 014155490070003723 Rose right space
J 014155490070050759 Rose right k
J 014155490070122208 Rose right n
J 014155490070175692 Rose right o
J 014155490070223178 Rose right w
J 014155490070301038 Rose right period
J 014155490070581981 Rose right space
J 014155490070854786 Rose right C
J 014155490070897945 Rose right a
J 014155490070988065 Rose right n
J 014155490080111990 Rose right space
J 014155490080144765 Rose right y
J 014155490080269364 Rose right o
J 014155490080316374 Rose right u
J 014155490080363916 Rose right space
J 014155490080441566 Rose right t
J 014155490080488616 Rose right e
J 014155490080566305 Rose right l
J 014155490080612636 Rose right l
J 014155490080658890 Rose right space
J 014155490080706437 Rose right m
J 014155490080784741 Rose right e
J 014155490080831320 Rose right question
J 014155490080878830 Rose right Return
J 014155490080925287 Rose right I
J 014155490080971585 Rose right space
J 014155490090034502 Rose right l
J 014155490090082118 Rose right e
J 014155490090247996 Rose right a
J 014155490090284777 Rose right v
J 014155490090405172 Rose right e
J 014155490090441330 Rose right space
J 014155490090488108 Rose right g
J 014155490090533931 Rose right a
J 014155490090580936 Rose right r
J 014155490090628086 Rose right d
J 014155490090705656 Rose right e
J 014155490090784533 Rose right n
J 014155490090831311 Rose right i
J 014155490090925298 Rose right n
J 014155490090972237 Rose right g
J 014155490100018762 Rose right space
J 014155490100143770 Rose right t
J 014155490100190207 Rose right o
J 014155490100237608 Rose right space
J 014155490100315887 Rose right m
J 014155490100362847 Rose right y
J 014155490100441401 Rose right space
J 014155490100488022 Rose right c
J 014155490100534914 Rose right h
J 014155490100582500 Rose right i
J 014155490100660419 Rose right c
J 014155490100706537 Rose right k
J 014155490100753422 Rose right e
J 014155490100800939 Rose right n
J 014155490100846236 Rose right s
J 014155490100908821 Rose right period
J 014155490110174792 Rose right space
J 014155490110221983 Rose right T
J 014155490110362580 Rose right h
J 014155490110457150 Rose right e
J 014155490110503990 Rose right y
J 014155490110550752 Rose right space
J 014155490110597217 Rose right d
J 014155490110644271 Rose right i
J 014155490110690630 Rose right g
J 014155490110737505 Rose right space
J 014155490110815981 Rose right u
J 014155490110893932 Rose right p
J 014155490110940967 Rose right space
J 014155490120035160 Rose right a
J 014155490120081875 Rose right n
J 014155490120128569 Rose right y
J 014155490120252996 Rose right t
J 014155490120299899 Rose right h
J 014155490120346971 Rose right i
J 014155490120425285 Rose right n
J 014155490120472426 Rose right g
J 014155490120550530 Rose right space
J 014155490120597446 Rose right I
J 014155490120644662 Rose right space
J 014155490120691538 Rose right t
J 014155490120769362 Rose right r
J 014155490120815407 Rose right y
J 014155490120862722 Rose right space
J 014155490120909960 Rose right t
J 014155490120956637 Rose right o
J 014155490130018415 Rose right space
J 014155490130065197 Rose right p
J 014155490130206937 Rose right l
J 014155490130254896 Rose right a
J 014155490130438144 Rose right n
J 014155490130440961 Rose right t
J 014155490130456570 Rose right period
J 014155490130510429 Rose right Return
J 014155490150587080 judge right w
J 014155490150706680 judge right h
J 014155490150822070 judge right a
J 014155490150942939 judge right t
J 014155490160086211 judge right space
J 014155490160236934 judge right d
J 014155490160372424 judge right o
J 014155490160457244 judge right space
J 014155490160586592 judge right y
J 014155490160780294 judge right o
J 014155490160851909 judge right u
J 014155490160901130 judge right space
J 014155490170165782 judge right p
J 014155490170398759 judge right l
J 014155490170518261 judge right a
J 014155490170606037 judge right n
J 014155490170766206 judge right t
J 014155490170877795 judge right Return
J 014155490180035020 Rose right I
J 014155490180144071 Rose right space
J 014155490180253766 Rose right h
J 014155490180394903 Rose right a
J 014155490180488431 Rose right v
J 014155490180597393 Rose right e
J 014155490180737270 Rose right space
J 014155490180816019 Rose right a
J 014155490190029357 Rose right space
J 014155490190190782 Rose right b
J 014155490190284478 Rose right l
J 014155490190393226 Rose right a
J 014155490190518424 Rose right c
J 014155490190627583 Rose right k
J 014155490190738146 Rose right space
J 014155490190799821 Rose right t
J 014155490190878037 Rose right h
J 014155490190987531 Rose right u
J 014155490200097625 Rose right m
J 014155490200143504 Rose right b
J 014155490200190313 Rose right period
J 014155490200455935 Rose right space
J 014155490200519071 Rose right I
J 014155490200596808 Rose right space
J 014155490200690505 Rose right f
J 014155490200830428 Rose right o
J 014155490210019312 Rose right r
J 014155490210112618 Rose right g
J 014155490210205730 Rose right e
J 014155490210299923 Rose right t
J 014155490210362523 Rose right space
J 014155490210440339 Rose right t
J 014155490210582654 Rose right o
J 014155490210691585 Rose right space
J 014155490210832566 Rose right t
J 014155490210924624 Rose right a
J 014155490220035560 Rose right k
J 014155490220175049 Rose right e
J 014155490220253628 Rose right space
J 014155490220395128 Rose right c
J 014155490220566652 Rose right a
J 014155490220659594 Rose right r
J 014155490220769444 Rose right e
J 014155490220894439 Rose right space
J 014155490230004021 Rose right o
J 014155490230112664 Rose right f
J 014155490230175869 Rose right space
J 014155490230253369 Rose right p
J 014155490230362839 Rose right l
J 014155490230471804 Rose right a
J 014155490230518999 Rose right n
J 014155490230582196 Rose right t
J 014155490230644281 Rose right s
J 014155490230691491 Rose right comma
J 014155490230785380 Rose right space
J 014155490230879181 Rose right s
J 014155490240019931 Rose right o
J 014155490240207214 Rose right space
J 014155490240300485 Rose right t
J 014155490240394523 Rose right h
J 014155490240487422 Rose right e
J 014155490240553492 Rose right y
J 014155490240786976 Rose right space
J 014155490240788412 Rose right d
J 014155490240847136 Rose right i
J 014155490240987917 Rose right e
J 014155490250127910 Rose right period
J 014155490250247043 Rose right Return
