..\..\loebner.bsc
..\..\loebner.ilk
..\..\loebner.pdb
C:\CHATSCRIPT\LOEBNER.EXE
C:\CHATSCRIPT\LOEBNER.ILK
C:\CHATSCRIPT\LOEBNER.PDB
C:\ChatScript\LOEBNERVS2010\loebner_chatbot\..\..\loebner.exe
C:\ChatScript\LOEBNERVS2010\loebner_chatbot\Debug\BscMake.command.1.tlog
C:\ChatScript\LOEBNERVS2010\loebner_chatbot\Debug\bscmake.read.1.tlog
C:\ChatScript\LOEBNERVS2010\loebner_chatbot\Debug\bscmake.write.1.tlog
C:\ChatScript\LOEBNERVS2010\loebner_chatbot\Debug\cl.command.1.tlog
C:\ChatScript\LOEBNERVS2010\loebner_chatbot\Debug\CL.read.1.tlog
C:\ChatScript\LOEBNERVS2010\loebner_chatbot\Debug\CL.write.1.tlog
C:\CHATSCRIPT\LOEBNERVS2010\LOEBNER_CHATBOT\DEBUG\CONSTRUCTCODE.OBJ
C:\CHATSCRIPT\LOEBNERVS2010\LOEBNER_CHATBOT\DEBUG\CONSTRUCTCODE.SBR
C:\CHATSCRIPT\LOEBNERVS2010\LOEBNER_CHATBOT\DEBUG\CSOCKET.OBJ
C:\CHATSCRIPT\LOEBNERVS2010\LOEBNER_CHATBOT\DEBUG\CSOCKET.SBR
C:\CHATSCRIPT\LOEBNERVS2010\LOEBNER_CHATBOT\DEBUG\DEBUGGER.OBJ
C:\CHATSCRIPT\LOEBNERVS2010\LOEBNER_CHATBOT\DEBUG\DEBUGGER.SBR
C:\CHATSCRIPT\LOEBNERVS2010\LOEBNER_CHATBOT\DEBUG\DICTIONARYSYSTEM.OBJ
C:\CHATSCRIPT\LOEBNERVS2010\LOEBNER_CHATBOT\DEBUG\DICTIONARYSYSTEM.SBR
C:\CHATSCRIPT\LOEBNERVS2010\LOEBNER_CHATBOT\DEBUG\ENGLISH.OBJ
C:\CHATSCRIPT\LOEBNERVS2010\LOEBNER_CHATBOT\DEBUG\ENGLISH.SBR
C:\CHATSCRIPT\LOEBNERVS2010\LOEBNER_CHATBOT\DEBUG\ENGLISHTAGGER.OBJ
C:\CHATSCRIPT\LOEBNERVS2010\LOEBNER_CHATBOT\DEBUG\ENGLISHTAGGER.SBR
C:\CHATSCRIPT\LOEBNERVS2010\LOEBNER_CHATBOT\DEBUG\FACTSYSTEM.OBJ
C:\CHATSCRIPT\LOEBNERVS2010\LOEBNER_CHATBOT\DEBUG\FACTSYSTEM.SBR
C:\CHATSCRIPT\LOEBNERVS2010\LOEBNER_CHATBOT\DEBUG\FUNCTIONEXECUTE.OBJ
C:\CHATSCRIPT\LOEBNERVS2010\LOEBNER_CHATBOT\DEBUG\FUNCTIONEXECUTE.SBR
C:\CHATSCRIPT\LOEBNERVS2010\LOEBNER_CHATBOT\DEBUG\INFER.OBJ
C:\CHATSCRIPT\LOEBNERVS2010\LOEBNER_CHATBOT\DEBUG\INFER.SBR
C:\ChatScript\LOEBNERVS2010\loebner_chatbot\Debug\link.command.1.tlog
C:\ChatScript\LOEBNERVS2010\loebner_chatbot\Debug\link.read.1.tlog
C:\ChatScript\LOEBNERVS2010\loebner_chatbot\Debug\link.write.1.tlog
C:\ChatScript\LOEBNERVS2010\loebner_chatbot\Debug\link-cvtres.read.1.tlog
C:\ChatScript\LOEBNERVS2010\loebner_chatbot\Debug\link-cvtres.write.1.tlog
C:\CHATSCRIPT\LOEBNERVS2010\LOEBNER_CHATBOT\DEBUG\LOEBNER.EXE.EMBED.MANIFEST
C:\CHATSCRIPT\LOEBNERVS2010\LOEBNER_CHATBOT\DEBUG\LOEBNER.EXE.EMBED.MANIFEST.RES
C:\CHATSCRIPT\LOEBNERVS2010\LOEBNER_CHATBOT\DEBUG\LOEBNER.EXE.INTERMEDIATE.MANIFEST
C:\CHATSCRIPT\LOEBNERVS2010\LOEBNER_CHATBOT\DEBUG\LOEBNER_CHATBOT.OBJ
C:\CHATSCRIPT\LOEBNERVS2010\LOEBNER_CHATBOT\DEBUG\LOEBNER_CHATBOT.RES
C:\CHATSCRIPT\LOEBNERVS2010\LOEBNER_CHATBOT\DEBUG\LOEBNER_CHATBOT.SBR
C:\ChatScript\LOEBNERVS2010\loebner_chatbot\Debug\loebner_chatbot.vcxprojResolveAssemblyReference.cache
C:\ChatScript\LOEBNERVS2010\loebner_chatbot\Debug\loebner_chatbot.write.1.tlog
C:\ChatScript\LOEBNERVS2010\loebner_chatbot\Debug\loebner_manifest.rc
C:\CHATSCRIPT\LOEBNERVS2010\LOEBNER_CHATBOT\DEBUG\MAINSYSTEM.OBJ
C:\CHATSCRIPT\LOEBNERVS2010\LOEBNER_CHATBOT\DEBUG\MAINSYSTEM.SBR
C:\CHATSCRIPT\LOEBNERVS2010\LOEBNER_CHATBOT\DEBUG\MARKSYSTEM.OBJ
C:\CHATSCRIPT\LOEBNERVS2010\LOEBNER_CHATBOT\DEBUG\MARKSYSTEM.SBR
C:\ChatScript\LOEBNERVS2010\loebner_chatbot\Debug\mt.command.1.tlog
C:\ChatScript\LOEBNERVS2010\loebner_chatbot\Debug\mt.read.1.tlog
C:\ChatScript\LOEBNERVS2010\loebner_chatbot\Debug\mt.write.1.tlog
C:\CHATSCRIPT\LOEBNERVS2010\LOEBNER_CHATBOT\DEBUG\OS.OBJ
C:\CHATSCRIPT\LOEBNERVS2010\LOEBNER_CHATBOT\DEBUG\OS.SBR
C:\CHATSCRIPT\LOEBNERVS2010\LOEBNER_CHATBOT\DEBUG\OUTPUTSYSTEM.OBJ
C:\CHATSCRIPT\LOEBNERVS2010\LOEBNER_CHATBOT\DEBUG\OUTPUTSYSTEM.SBR
C:\CHATSCRIPT\LOEBNERVS2010\LOEBNER_CHATBOT\DEBUG\PATTERNSYSTEM.OBJ
C:\CHATSCRIPT\LOEBNERVS2010\LOEBNER_CHATBOT\DEBUG\PATTERNSYSTEM.SBR
C:\ChatScript\LOEBNERVS2010\loebner_chatbot\Debug\rc.command.1.tlog
C:\ChatScript\LOEBNERVS2010\loebner_chatbot\Debug\rc.read.1.tlog
C:\ChatScript\LOEBNERVS2010\loebner_chatbot\Debug\rc.write.1.tlog
C:\CHATSCRIPT\LOEBNERVS2010\LOEBNER_CHATBOT\DEBUG\READRAWDATA.OBJ
C:\CHATSCRIPT\LOEBNERVS2010\LOEBNER_CHATBOT\DEBUG\READRAWDATA.SBR
C:\CHATSCRIPT\LOEBNERVS2010\LOEBNER_CHATBOT\DEBUG\SCRIPTCOMPILE.OBJ
C:\CHATSCRIPT\LOEBNERVS2010\LOEBNER_CHATBOT\DEBUG\SCRIPTCOMPILE.SBR
C:\CHATSCRIPT\LOEBNERVS2010\LOEBNER_CHATBOT\DEBUG\SPELLCHECK.OBJ
C:\CHATSCRIPT\LOEBNERVS2010\LOEBNER_CHATBOT\DEBUG\SPELLCHECK.SBR
C:\CHATSCRIPT\LOEBNERVS2010\LOEBNER_CHATBOT\DEBUG\STDAFX.OBJ
C:\CHATSCRIPT\LOEBNERVS2010\LOEBNER_CHATBOT\DEBUG\STDAFX.SBR
C:\CHATSCRIPT\LOEBNERVS2010\LOEBNER_CHATBOT\DEBUG\SYSTEMVARIABLES.OBJ
C:\CHATSCRIPT\LOEBNERVS2010\LOEBNER_CHATBOT\DEBUG\SYSTEMVARIABLES.SBR
C:\CHATSCRIPT\LOEBNERVS2010\LOEBNER_CHATBOT\DEBUG\TAGGER.OBJ
C:\CHATSCRIPT\LOEBNERVS2010\LOEBNER_CHATBOT\DEBUG\TAGGER.SBR
C:\CHATSCRIPT\LOEBNERVS2010\LOEBNER_CHATBOT\DEBUG\TESTING.OBJ
C:\CHATSCRIPT\LOEBNERVS2010\LOEBNER_CHATBOT\DEBUG\TESTING.SBR
C:\CHATSCRIPT\LOEBNERVS2010\LOEBNER_CHATBOT\DEBUG\TEXTUTILITIES.OBJ
C:\CHATSCRIPT\LOEBNERVS2010\LOEBNER_CHATBOT\DEBUG\TEXTUTILITIES.SBR
C:\CHATSCRIPT\LOEBNERVS2010\LOEBNER_CHATBOT\DEBUG\TOKENSYSTEM.OBJ
C:\CHATSCRIPT\LOEBNERVS2010\LOEBNER_CHATBOT\DEBUG\TOKENSYSTEM.SBR
C:\CHATSCRIPT\LOEBNERVS2010\LOEBNER_CHATBOT\DEBUG\TOPICSYSTEM.OBJ
C:\CHATSCRIPT\LOEBNERVS2010\LOEBNER_CHATBOT\DEBUG\TOPICSYSTEM.SBR
C:\CHATSCRIPT\LOEBNERVS2010\LOEBNER_CHATBOT\DEBUG\USERCACHE.OBJ
C:\CHATSCRIPT\LOEBNERVS2010\LOEBNER_CHATBOT\DEBUG\USERCACHE.SBR
C:\CHATSCRIPT\LOEBNERVS2010\LOEBNER_CHATBOT\DEBUG\USERSYSTEM.OBJ
C:\CHATSCRIPT\LOEBNERVS2010\LOEBNER_CHATBOT\DEBUG\USERSYSTEM.SBR
C:\CHATSCRIPT\LOEBNERVS2010\LOEBNER_CHATBOT\DEBUG\VARIABLESYSTEM.OBJ
C:\CHATSCRIPT\LOEBNERVS2010\LOEBNER_CHATBOT\DEBUG\VARIABLESYSTEM.SBR
C:\ChatScript\LOEBNERVS2010\loebner_chatbot\Debug\vc100.idb
C:\CHATSCRIPT\LOEBNERVS2010\LOEBNER_CHATBOT\DEBUG\VC100.PDB
